<?xml version="1.0" encoding="UTF-8"?>
<!-- Generated by org.testng.reporters.JUnitReportReporter -->
<testsuite hostname="DESKTOP-1MCQBMQ" name="org.project3.Project3" tests="1" failures="0" timestamp="19 Nov 2023 05:02:24 GMT" time="7.053" errors="0">
  <testcase name="tc2" time="7.053" classname="org.project3.Project3"/>
</testsuite> <!-- org.project3.Project3 -->
